0 info it worked if it ends with ok
1 verbose cli [ 'node', '/usr/local/bin/npm', 'install', 'gulp-stylish' ]
2 info using npm@1.4.28
3 info using node@v0.10.35
4 warn package.json thesis-project@0.0.0 No repository field.
5 verbose readDependencies using package.json deps
6 verbose cache add [ 'gulp-stylish', null ]
7 verbose cache add name=undefined spec="gulp-stylish" args=["gulp-stylish",null]
8 verbose parsed url { protocol: null,
8 verbose parsed url   slashes: null,
8 verbose parsed url   auth: null,
8 verbose parsed url   host: null,
8 verbose parsed url   port: null,
8 verbose parsed url   hostname: null,
8 verbose parsed url   hash: null,
8 verbose parsed url   search: null,
8 verbose parsed url   query: null,
8 verbose parsed url   pathname: 'gulp-stylish',
8 verbose parsed url   path: 'gulp-stylish',
8 verbose parsed url   href: 'gulp-stylish' }
9 silly lockFile 85a2498b-gulp-stylish gulp-stylish
10 verbose lock gulp-stylish /Users/houchia/.npm/85a2498b-gulp-stylish.lock
11 silly lockFile 85a2498b-gulp-stylish gulp-stylish
12 silly lockFile 85a2498b-gulp-stylish gulp-stylish
13 verbose addNamed [ 'gulp-stylish', '' ]
14 verbose addNamed [ null, '*' ]
15 silly lockFile bf5832b7-gulp-stylish gulp-stylish@
16 verbose lock gulp-stylish@ /Users/houchia/.npm/bf5832b7-gulp-stylish.lock
17 silly addNameRange { name: 'gulp-stylish', range: '*', hasData: false }
18 verbose request where is /gulp-stylish
19 verbose request registry https://registry.npmjs.org/
20 verbose request id a65ba2d44e52c6b6
21 verbose url raw /gulp-stylish
22 verbose url resolving [ 'https://registry.npmjs.org/', './gulp-stylish' ]
23 verbose url resolved https://registry.npmjs.org/gulp-stylish
24 verbose request where is https://registry.npmjs.org/gulp-stylish
25 info trying registry request attempt 1 at 17:08:10
26 http GET https://registry.npmjs.org/gulp-stylish
27 http 404 https://registry.npmjs.org/gulp-stylish
28 verbose headers { date: 'Fri, 13 Feb 2015 01:08:10 GMT',
28 verbose headers   server: 'CouchDB/1.5.0 (Erlang OTP/R16B03)',
28 verbose headers   'content-type': 'application/json',
28 verbose headers   'cache-control': 'max-age=0',
28 verbose headers   'content-length': '52',
28 verbose headers   'accept-ranges': 'bytes',
28 verbose headers   via: '1.1 varnish',
28 verbose headers   age: '0',
28 verbose headers   'x-served-by': 'cache-sjc3129-SJC',
28 verbose headers   'x-cache': 'MISS',
28 verbose headers   'x-cache-hits': '0',
28 verbose headers   'x-timer': 'S1423789690.756990,VS0,VE86',
28 verbose headers   'keep-alive': 'timeout=10, max=50',
28 verbose headers   connection: 'Keep-Alive' }
29 silly registry.get cb [ 404,
29 silly registry.get   { date: 'Fri, 13 Feb 2015 01:08:10 GMT',
29 silly registry.get     server: 'CouchDB/1.5.0 (Erlang OTP/R16B03)',
29 silly registry.get     'content-type': 'application/json',
29 silly registry.get     'cache-control': 'max-age=0',
29 silly registry.get     'content-length': '52',
29 silly registry.get     'accept-ranges': 'bytes',
29 silly registry.get     via: '1.1 varnish',
29 silly registry.get     age: '0',
29 silly registry.get     'x-served-by': 'cache-sjc3129-SJC',
29 silly registry.get     'x-cache': 'MISS',
29 silly registry.get     'x-cache-hits': '0',
29 silly registry.get     'x-timer': 'S1423789690.756990,VS0,VE86',
29 silly registry.get     'keep-alive': 'timeout=10, max=50',
29 silly registry.get     connection: 'Keep-Alive' } ]
30 silly lockFile bf5832b7-gulp-stylish gulp-stylish@
31 silly lockFile bf5832b7-gulp-stylish gulp-stylish@
32 error 404 404 Not Found: gulp-stylish
32 error 404
32 error 404 'gulp-stylish' is not in the npm registry.
32 error 404 You should bug the author to publish it
32 error 404 It was specified as a dependency of 'thesis-project'
32 error 404
32 error 404 Note that you can also install from a
32 error 404 tarball, folder, or http url, or git url.
33 error System Darwin 14.0.0
34 error command "node" "/usr/local/bin/npm" "install" "gulp-stylish"
35 error cwd /Users/houchia/thesis-project
36 error node -v v0.10.35
37 error npm -v 1.4.28
38 error code E404
39 verbose exit [ 1, true ]
